<?xml version="1.0" encoding="UTF-8" ?>
<testsuite tests="11" failures="0" name="tutorial.LinkedList_ESTest" time="0.029" errors="0" skipped="0">
  <properties>
    <property name="java.runtime.name" value="Java(TM) SE Runtime Environment"/>
    <property name="sun.boot.library.path" value="D:\Netbeans\jdk1.8.0_111\jre\bin"/>
    <property name="java.vm.version" value="25.111-b14"/>
    <property name="java.vm.vendor" value="Oracle Corporation"/>
    <property name="maven.multiModuleProjectDirectory" value="D:\Evosuite\Tutorial_Maven"/>
    <property name="java.vendor.url" value="http://java.oracle.com/"/>
    <property name="path.separator" value=";"/>
    <property name="guice.disable.misplaced.annotation.check" value="true"/>
    <property name="java.vm.name" value="Java HotSpot(TM) 64-Bit Server VM"/>
    <property name="file.encoding.pkg" value="sun.io"/>
    <property name="user.script" value=""/>
    <property name="user.country" value="US"/>
    <property name="sun.java.launcher" value="SUN_STANDARD"/>
    <property name="sun.os.patch.level" value=""/>
    <property name="java.vm.specification.name" value="Java Virtual Machine Specification"/>
    <property name="user.dir" value="D:\Evosuite\Tutorial_Maven"/>
    <property name="java.runtime.version" value="1.8.0_111-b14"/>
    <property name="java.awt.graphicsenv" value="sun.awt.Win32GraphicsEnvironment"/>
    <property name="java.endorsed.dirs" value="D:\Netbeans\jdk1.8.0_111\jre\lib\endorsed"/>
    <property name="os.arch" value="amd64"/>
    <property name="java.io.tmpdir" value="C:\Users\Ibtid\AppData\Local\Temp\"/>
    <property name="line.separator" value="
"/>
    <property name="java.vm.specification.vendor" value="Oracle Corporation"/>
    <property name="user.variant" value=""/>
    <property name="os.name" value="Windows 10"/>
    <property name="classworlds.conf" value="C:\Program Files\apache-maven-3.8.5\bin\m2.conf"/>
    <property name="sun.jnu.encoding" value="Cp1252"/>
    <property name="java.library.path" value="D:\Netbeans\jdk1.8.0_111\bin;C:\WINDOWS\Sun\Java\bin;C:\WINDOWS\system32;C:\WINDOWS;C:\Program Files\Common Files\Oracle\Java\javapath;C:\FFmpeg\bin;C:\FFmpeg\bin;C:\FFmpeg\bin;C:\Program Files\Common Files\Oracle\Java\javapath;C:\FFmpeg\bin;C:\FFmpeg\bin;C:\FFmpeg\bin;C:\Program Files\Common Files\Oracle\Java\javapath;C:\FFmpeg\bin;C:\FFmpeg\bin;C:\FFmpeg\bin;C:\WINDOWS\System32;C:\Windows\System32\;C:\Program Files\PuTTY\;C:\WINDOWS\system32;C:\WINDOWS;C:\WINDOWS\System32\Wbem;C:\WINDOWS\System32\WindowsPowerShell\v1.0\;C:\WINDOWS\System32\OpenSSH\;E:\Git\cmd;C:\Program Files (x86)\Yarn\bin\;C:\Program Files\MySQL\MySQL Shell 8.0\bin\;E:\src-flutter\flutter\bin;E:\flutter\bin;D:\Microsoft VS Code\bin;C:\Users\Ibtid\AppData\Roaming\Dashlane\6.2028.0.36703\bin\Firefox_Extension\{442718d9-475e-452a-b3e1-fb1ee16b8e9f}\components;C:\Users\Ibtid\AppData\Roaming\Dashlane\6.2028.0.36703\ucrt;C:\Users\Ibtid\AppData\Roaming\Dashlane\6.2028.0.36703\bin\Qt;C:\Users\Ibtid\AppData\Roaming\Dashlane\6.2028.0.36703\bin\Ssl;C:\Program Files\JetBrains\IntelliJ IDEA Educational Edition 2019.3\bin;C:\Users\Ibtid\AppData\Roaming\npm;C:\Users\Ibtid\AppData\Local\Microsoft\WindowsApps;C:\Users\Ibtid\AppData\Local\Yarn\bin;C:\Program Files\dotnet\;C:\WINDOWS\system32;C:\WINDOWS;C:\WINDOWS\System32\Wbem;C:\WINDOWS\System32\WindowsPowerShell\v1.0\;C:\WINDOWS\System32\OpenSSH\;C:\Users\Ibtid\AppData\Local\Programs\Python\Python310\Scripts\;C:\Users\Ibtid\AppData\Local\Programs\Python\Python310\;C:\Users\Ibtid\AppData\Local\Programs\Python\Python38-32;C:\Users\Ibtid\AppData\Local\Programs\Python\Python38-32\Scripts;C:\Users\Ibtid\AppData\Local\Programs\Microsoft VS Code\bin;C:\Windows\System32\;C:\Program Files\PuTTY\;C:\WINDOWS\system32;C:\WINDOWS;C:\WINDOWS\System32\Wbem;C:\WINDOWS\System32\WindowsPowerShell\v1.0\;C:\WINDOWS\System32\OpenSSH\;E:\Git\cmd;C:\Program Files (x86)\Yarn\bin\;C:\Program Files\MySQL\MySQL Shell 8.0\bin\;E:\src-flutter\flutter\bin;E:\flutter\bin;D:\Microsoft VS Code\bin;C:\Users\Ibtid\AppData\Roaming\Dashlane\6.2028.0.36703\bin\Firefox_Extension\{442718d9-475e-452a-b3e1-fb1ee16b8e9f}\components;C:\Users\Ibtid\AppData\Roaming\Dashlane\6.2028.0.36703\ucrt;C:\Users\Ibtid\AppData\Roaming\Dashlane\6.2028.0.36703\bin\Qt;C:\Users\Ibtid\AppData\Roaming\Dashlane\6.2028.0.36703\bin\Ssl;C:\Program Files\JetBrains\IntelliJ IDEA Educational Edition 2019.3\bin;C:\Users\Ibtid\AppData\Roaming\npm;C:\Users\Ibtid\AppData\Local\Microsoft\WindowsApps;C:\Users\Ibtid\AppData\Local\Yarn\bin;C:\Program Files\dotnet\;C:\WINDOWS\system32;C:\WINDOWS;C:\WINDOWS\System32\Wbem;C:\WINDOWS\System32\WindowsPowerShell\v1.0\;C:\WINDOWS\System32\OpenSSH\;C:\Users\Ibtid\AppData\Local\Programs\Python\Python310\Scripts\;C:\Users\Ibtid\AppData\Local\Programs\Python\Python310\;C:\Users\Ibtid\AppData\Local\Programs\Python\Python38-32;C:\Users\Ibtid\AppData\Local\Programs\Python\Python38-32\Scripts;C:\Users\Ibtid\AppData\Local\Programs\Microsoft VS Code\bin;C:\Windows\System32\;C:\Program Files\PuTTY\;C:\WINDOWS\system32;C:\WINDOWS;C:\WINDOWS\System32\Wbem;C:\WINDOWS\System32\WindowsPowerShell\v1.0\;C:\WINDOWS\System32\OpenSSH\;E:\Git\cmd;C:\Program Files (x86)\Yarn\bin\;C:\Program Files\MySQL\MySQL Shell 8.0\bin\;E:\src-flutter\flutter\bin;E:\flutter\bin;D:\Microsoft VS Code\bin;C:\Users\Ibtid\AppData\Roaming\Dashlane\6.2028.0.36703\bin\Firefox_Extension\{442718d9-475e-452a-b3e1-fb1ee16b8e9f}\components;C:\Users\Ibtid\AppData\Roaming\Dashlane\6.2028.0.36703\ucrt;C:\Users\Ibtid\AppData\Roaming\Dashlane\6.2028.0.36703\bin\Qt;C:\Users\Ibtid\AppData\Roaming\Dashlane\6.2028.0.36703\bin\Ssl;C:\Program Files\JetBrains\IntelliJ IDEA Educational Edition 2019.3\bin;C:\Users\Ibtid\AppData\Roaming\npm;C:\Users\Ibtid\AppData\Local\Microsoft\WindowsApps;C:\Users\Ibtid\AppData\Local\Yarn\bin;C:\Program Files\dotnet\;C:\WINDOWS\system32;C:\WINDOWS;C:\WINDOWS\System32\Wbem;C:\WINDOWS\System32\WindowsPowerShell\v1.0\;C:\WINDOWS\System32\OpenSSH\;C:\Program Files\NVIDIA Corporation\Nsight Compute 2019.1\;C:\Program Files (x86)\NVIDIA Corporation\PhysX\Common;C:\Program Files\WireGuard\;C:\Users\Ibtid\AppData\Roaming\nvm;C:\Program Files\nodejs;C:\Program Files\n;C:\Users\Ibtid\AppData\Local\Programs\Python\Python310\Scripts\;C:\Users\Ibtid\AppData\Local\Programs\Python\Python310\;C:\Users\Ibtid\AppData\Local\Programs\Python\Python38-32;C:\Users\Ibtid\AppData\Local\Programs\Python\Python38-32\Scripts;C:\Users\Ibtid\AppData\Local\Programs\Microsoft VS Code\bin;C:\Users\Ibtid\AppData\Local\Microsoft\WindowsApps;D:\cuda\bin;C:\Program Files\apache-maven-3.8.5\bin;C:\Users\Ibtid\AppData\Roaming\nvm;C:\Program Files\nodejs;C:\Users\Ibtid\AppData\Roaming\npm;."/>
    <property name="maven.conf" value="C:\Program Files\apache-maven-3.8.5/conf"/>
    <property name="java.specification.name" value="Java Platform API Specification"/>
    <property name="java.class.version" value="52.0"/>
    <property name="sun.management.compiler" value="HotSpot 64-Bit Tiered Compilers"/>
    <property name="os.version" value="10.0"/>
    <property name="library.jansi.path" value="C:\Program Files\apache-maven-3.8.5\lib\jansi-native"/>
    <property name="user.home" value="C:\Users\Ibtid"/>
    <property name="user.timezone" value="Asia/Dhaka"/>
    <property name="java.awt.printerjob" value="sun.awt.windows.WPrinterJob"/>
    <property name="java.specification.version" value="1.8"/>
    <property name="file.encoding" value="Cp1252"/>
    <property name="user.name" value="Ibtid"/>
    <property name="java.class.path" value="C:\Program Files\apache-maven-3.8.5\boot\plexus-classworlds-2.6.0.jar"/>
    <property name="java.vm.specification.version" value="1.8"/>
    <property name="sun.arch.data.model" value="64"/>
    <property name="java.home" value="D:\Netbeans\jdk1.8.0_111\jre"/>
    <property name="sun.java.command" value="org.codehaus.plexus.classworlds.launcher.Launcher test"/>
    <property name="java.specification.vendor" value="Oracle Corporation"/>
    <property name="user.language" value="en"/>
    <property name="awt.toolkit" value="sun.awt.windows.WToolkit"/>
    <property name="java.vm.info" value="mixed mode"/>
    <property name="java.version" value="1.8.0_111"/>
    <property name="java.ext.dirs" value="D:\Netbeans\jdk1.8.0_111\jre\lib\ext;C:\WINDOWS\Sun\Java\lib\ext"/>
    <property name="sun.boot.class.path" value="D:\Netbeans\jdk1.8.0_111\jre\lib\resources.jar;D:\Netbeans\jdk1.8.0_111\jre\lib\rt.jar;D:\Netbeans\jdk1.8.0_111\jre\lib\sunrsasign.jar;D:\Netbeans\jdk1.8.0_111\jre\lib\jsse.jar;D:\Netbeans\jdk1.8.0_111\jre\lib\jce.jar;D:\Netbeans\jdk1.8.0_111\jre\lib\charsets.jar;D:\Netbeans\jdk1.8.0_111\jre\lib\jfr.jar;D:\Netbeans\jdk1.8.0_111\jre\classes"/>
    <property name="sun.stderr.encoding" value="cp437"/>
    <property name="java.vendor" value="Oracle Corporation"/>
    <property name="maven.home" value="C:\Program Files\apache-maven-3.8.5"/>
    <property name="file.separator" value="\"/>
    <property name="java.vendor.url.bug" value="http://bugreport.sun.com/bugreport/"/>
    <property name="sun.cpu.endian" value="little"/>
    <property name="sun.io.unicode.encoding" value="UnicodeLittle"/>
    <property name="sun.stdout.encoding" value="cp437"/>
    <property name="sun.desktop" value="windows"/>
    <property name="sun.cpu.isalist" value="amd64"/>
  </properties>
  <testcase classname="tutorial.LinkedList_ESTest" name="test01" time="0.004"/>
  <testcase classname="tutorial.LinkedList_ESTest" name="test00" time="0.003"/>
  <testcase classname="tutorial.LinkedList_ESTest" name="test10" time="0.002"/>
  <testcase classname="tutorial.LinkedList_ESTest" name="test05" time="0.003"/>
  <testcase classname="tutorial.LinkedList_ESTest" name="test04" time="0.003"/>
  <testcase classname="tutorial.LinkedList_ESTest" name="test03" time="0.003"/>
  <testcase classname="tutorial.LinkedList_ESTest" name="test02" time="0.002"/>
  <testcase classname="tutorial.LinkedList_ESTest" name="test09" time="0.002"/>
  <testcase classname="tutorial.LinkedList_ESTest" name="test08" time="0.003"/>
  <testcase classname="tutorial.LinkedList_ESTest" name="test07" time="0.002"/>
  <testcase classname="tutorial.LinkedList_ESTest" name="test06" time="0.002"/>
</testsuite>